{
  "RSpec": {
    "coverage": {
      "/Users/mikevallano/Desktop/rails-production/today-i-learned/app/controllers/reflections_controller.rb": [
        1,
        1,
        1,
        1,
        null,
        null,
        null,
        1,
        3,
        null,
        null,
        null,
        null,
        1,
        null,
        null,
        null,
        1,
        2,
        null,
        null,
        null,
        1,
        null,
        null,
        null,
        null,
        1,
        5,
        null,
        5,
        5,
        6,
        3,
        null,
        4,
        2,
        null,
        null,
        null,
        null,
        null,
        null,
        1,
        5,
        5,
        6,
        3,
        null,
        4,
        2,
        null,
        null,
        null,
        null,
        null,
        null,
        1,
        2,
        2,
        4,
        2,
        null,
        null,
        null,
        1,
        null,
        1,
        15,
        null,
        null,
        null,
        1,
        10,
        null,
        null,
        1,
        15,
        5,
        null,
        null,
        null
      ],
      "/Users/mikevallano/Desktop/rails-production/today-i-learned/app/controllers/application_controller.rb": [
        1,
        null,
        null,
        1,
        1,
        null,
        1,
        null,
        1,
        0,
        null,
        null
      ],
      "/Users/mikevallano/Desktop/rails-production/today-i-learned/app/models/reflection.rb": [
        1,
        1,
        null,
        1,
        null,
        null,
        48,
        null,
        null,
        null,
        1,
        null,
        null
      ],
      "/Users/mikevallano/Desktop/rails-production/today-i-learned/app/controllers/pages_controller.rb": [
        0,
        0,
        0,
        0,
        0,
        0,
        0,
        0,
        0,
        0
      ],
      "/Users/mikevallano/Desktop/rails-production/today-i-learned/app/controllers/registrations_controller.rb": [
        0,
        0,
        0,
        0,
        0,
        0,
        0,
        0,
        0,
        0,
        0,
        0,
        0,
        0,
        0,
        0,
        0,
        0,
        0,
        0,
        0,
        0,
        0,
        0,
        0,
        0,
        0,
        0,
        0,
        0,
        0,
        0,
        0,
        0,
        0,
        0,
        0,
        0,
        0,
        0,
        0,
        0,
        0,
        0,
        0,
        0,
        0,
        0,
        0,
        0,
        0,
        0,
        0,
        0,
        0,
        0,
        0,
        0,
        0,
        0,
        0,
        0,
        0,
        0,
        0,
        0,
        0,
        0,
        0,
        0,
        0,
        0,
        0,
        0,
        0,
        0,
        0,
        0,
        0,
        0,
        0,
        0,
        0,
        0,
        0,
        0,
        0,
        0,
        0,
        0,
        0,
        0,
        0,
        0,
        0,
        0,
        0,
        0,
        0,
        0,
        0,
        0,
        0,
        0,
        0,
        0,
        0,
        0,
        0,
        0,
        0,
        0,
        0,
        0,
        0,
        0,
        0,
        0,
        0,
        0,
        0,
        0,
        0,
        0,
        0,
        0,
        0,
        0,
        0,
        0,
        0,
        0,
        0,
        0,
        0,
        0,
        0,
        0,
        0,
        0,
        0,
        0,
        0,
        0,
        0,
        0,
        0,
        0
      ],
      "/Users/mikevallano/Desktop/rails-production/today-i-learned/app/controllers/users_controller.rb": [
        0,
        0,
        0,
        0,
        0,
        0,
        0,
        0,
        0,
        0,
        0,
        0,
        0
      ],
      "/Users/mikevallano/Desktop/rails-production/today-i-learned/app/helpers/application_helper.rb": [
        0,
        0
      ],
      "/Users/mikevallano/Desktop/rails-production/today-i-learned/app/helpers/pages_helper.rb": [
        0,
        0
      ],
      "/Users/mikevallano/Desktop/rails-production/today-i-learned/app/helpers/reflections_helper.rb": [
        0,
        0
      ],
      "/Users/mikevallano/Desktop/rails-production/today-i-learned/app/helpers/users_helper.rb": [
        0,
        0
      ],
      "/Users/mikevallano/Desktop/rails-production/today-i-learned/app/models/user.rb": [
        0,
        0,
        0,
        0,
        0,
        0,
        0,
        0,
        0,
        0,
        0,
        0,
        0,
        0,
        0,
        0,
        0,
        0,
        0,
        0
      ]
    },
    "timestamp": 1461786042
  }
}
